Arguments: 
  C:\Program Files\nodejs\node.exe C:\Program Files\nodejs\node_modules\yarn\bin\yarn.js build

PATH: 
  C:\Program Files\Git\mingw64\bin;C:\Program Files\Git\usr\bin;C:\Users\MOON\bin;C:\WINDOWS\system32;C:\WINDOWS;C:\WINDOWS\System32\Wbem;C:\WINDOWS\System32\WindowsPowerShell\v1.0;C:\WINDOWS\System32\OpenSSH;%NVM_HOME%;%NVM_SYMLINK%;C:\Program Files\Git\cmd;C:\Program Files\Docker\Docker\resources\bin;C:\ProgramData\DockerDesktop\version-bin;C:\ProgramData\chocolatey\bin;C:\laragon\bin;C:\laragon\bin\apache\httpd-2.4.35-win64-VC15\bin;C:\laragon\bin\composer;C:\laragon\bin\git\bin;C:\laragon\bin\git\cmd;C:\laragon\bin\git\mingw64\bin;C:\laragon\bin\git\usr\bin;C:\laragon\bin\laragon\utils;C:\laragon\bin\mysql\mysql-5.7.24-winx64\bin;C:\laragon\bin\nginx\nginx-1.16.0;C:\laragon\bin\ngrok;C:\laragon\bin\nodejs;C:\laragon\bin\notepad++;C:\laragon\bin\php\php-7.4.19-Win32-vc15-x64;C:\laragon\bin\postgresql\postgresql-11.0-1\bin;C:\laragon\bin\putty;C:\laragon\bin\redis\redis-x64-3.2.100;C:\laragon\bin\telnet;C:\laragon\usr\bin;C:\Users\MOON\AppData\Local\Yarn\config\global\node_modules\.bin;C:\Users\MOON\AppData\Roaming\Composer\vendor\bin;C:\Users\MOON\AppData\Roaming\npm;C:\Users\MOON\AppData\Local\Volta\bin;C:\Users\MOON\AppData\Local\Microsoft\WindowsApps;C:\Users\MOON\AppData\Local\Programs\Microsoft VS Code\bin;C:\Users\MOON\AppData\Roaming\nvm;C:\Program Files\nodejs;C:\Users\MOON\AppData\Local\Google\Cloud SDK\google-cloud-sdk\bin;C:\Program Files\heroku\bin;%USERPROFILE%\AppData\Local\Microsoft\WindowsApps

Yarn version: 
  1.22.11

Node version: 
  14.17.3

Platform: 
  win32 x64

Trace: 
  SyntaxError: C:\laragon\www\thelab\lumiere\packages\lumiere-utils\package.json: Unexpected token } in JSON at position 143
      at JSON.parse (<anonymous>)
      at C:\Users\MOON\AppData\Roaming\nvm\v14.17.3\node_modules\yarn\lib\cli.js:1625:59
      at Generator.next (<anonymous>)
      at step (C:\Users\MOON\AppData\Roaming\nvm\v14.17.3\node_modules\yarn\lib\cli.js:310:30)
      at C:\Users\MOON\AppData\Roaming\nvm\v14.17.3\node_modules\yarn\lib\cli.js:321:13

npm manifest: 
  {
    "name": "lumiere-utils",
    "version": "0.3.2",
    "scripts": {
      "dev": "vite",
      "build": "vite build",
      "serve": "vite preview",
    },
    "keywords": [
      "vue",
      "utils",
      "auth",
      "firebase",
      "supabase"
    ],
    "main": "dist/lumiere-utils.mjs",
    "peerDependencies": {
      "@supabase/supabase-js": "^1.22.0",
      "firebase": "^9.0.0",
      "moralis": "0.0.178"
    },
    "peerDependenciesMeta": {
      "@supabase/supabase-js": {
        "optional": true
      },
      "firebase": {
        "optional": true
      },
      "moralis": {
        "optional": true
      }
    },
    "exports": {
      ".": {
        "import": "./src/index.js",
        "require": "./src/index.js"
      },
      "./*": "./*",
      "./useAuth": {
        "import": "./src/useAuth.js",
        "require": "./src/useAuth.js"
      },
      "./useLumiere": {
        "import": "./src/useLumiere.js",
        "require": "./src/useLumiere.js"
      },
      "./useFirebase": {
        "import": "./src/providers/firebase/useFirebase.js",
        "require": "./src/providers/firebase/useFirebase.js"
      },
      "./useSupabase": {
        "import": "./src/providers/supabase/useSupabase.js",
        "require": "./src/providers/supabase/useSupabase.js"
      },
      "./useMoralis": {
        "import": "./src/providers/moralis/useMoralis.js",
        "require": "./src/providers/moralis/useMoralis.js"
      },
      "./useMetamask": {
        "import": "./src/providers/moralis/useMetamask.js",
        "require": "./src/providers/moralis/useMetamask.js"
      }
    },
    "module": "./src/index.mjs",
    "sideEffects": false,
    "devDependencies": {
      "@supabase/supabase-js": "^1.22.4",
      "@vitejs/plugin-vue": "^1.6.0",
      "@vue/compiler-sfc": "^3.2.6",
      "firebase": "^9.0.1",
      "moralis": "0.0.178",
      "vite": "^2.5.2",
      "vue": "^3.2.6"
    },
    "gitHead": "270a1b54b424b952e2c03c8a6f608d678b94a7a7"
  }

yarn manifest: 
  No manifest

Lockfile: 
  No lockfile
